controlplane:~/Vuln_Prism/kubernetes_deps$ k -n mustang get pods    
NAME                        READY   STATUS    RESTARTS   AGE
cyber-dep-c94b87f5d-zp77w   1/1     Running   0          3m28s
sast-dep-6c6c857c7b-2skch   1/1     Running   0          3m26s
vuln-dep-78658698d5-wxct8   1/1     Running   0          3m27s
controlplane:~/Vuln_Prism/kubernetes_deps$ k -n mustang get svc  
NAME        TYPE       CLUSTER-IP       EXTERNAL-IP   PORT(S)          AGE
cyber-svc   NodePort   10.103.154.231   <none>        5051:32238/TCP   3m36s
sast-svc    NodePort   10.106.175.20    <none>        5050:30717/TCP   3m34s
vuln-svc    NodePort   10.99.179.18     <none>        3000:32271/TCP   3m35s
controlplane:~/Vuln_Prism/kubernetes_deps$ k -n mustang port-forward svc/cyber-svc --address=0.0.0.0 32238:5051 & 
[1] 46741
controlplane:~/Vuln_Prism/kubernetes_deps$ Forwarding from 0.0.0.0:32238 -> 5051
controlplane:~/Vuln_Prism/kubernetes_deps$ k -n mustang logs cyber-dep-c94b87f5d-zp77w -f
Could not initialize database tables: (pymysql.err.OperationalError) (2003, "Can't connect to MySQL server on 'database-1.c0pogq0w8mxc.us-east-1.rds.amazonaws.com' ([Errno -2] Name or service not known)")
(Background on this error at: https://sqlalche.me/e/20/e3q8)
2025-07-23 07:10:59.761 | ERROR    | app.main:<module>:67 - Failed to connect to Redis: %s. Caching will be disabled.
INFO:     Started server process [1]
INFO:     Waiting for application startup.
INFO:     Application startup complete.
INFO:     Uvicorn running on http://0.0.0.0:5051 (Press CTRL+C to quit)
INFO:     172.30.2.2:48248 - "GET /health HTTP/1.1" 200 OK
INFO:     172.30.2.2:49004 - "GET /health HTTP/1.1" 200 OK
INFO:     172.30.2.2:47104 - "GET /health HTTP/1.1" 200 OK
INFO:     172.30.2.2:58804 - "GET /health HTTP/1.1" 200 OK
INFO:     172.30.2.2:44864 - "GET /health HTTP/1.1" 200 OK
INFO:     172.30.2.2:32968 - "GET /health HTTP/1.1" 200 OK
INFO:     172.30.2.2:54296 - "GET /health HTTP/1.1" 200 OK
INFO:     172.30.2.2:52916 - "GET /health HTTP/1.1" 200 OK
INFO:     172.30.2.2:32772 - "GET /health HTTP/1.1" 200 OK
INFO:     172.30.2.2:50382 - "GET /health HTTP/1.1" 200 OK
INFO:     172.30.2.2:34682 - "GET /health HTTP/1.1" 200 OK
INFO:     172.30.2.2:56926 - "GET /health HTTP/1.1" 200 OK
INFO:     172.30.2.2:60756 - "GET /health HTTP/1.1" 200 OK
INFO:     172.30.2.2:36336 - "GET /health HTTP/1.1" 200 OK
INFO:     172.30.2.2:48226 - "GET /health HTTP/1.1" 200 OK
INFO:     172.30.2.2:54416 - "GET /health HTTP/1.1" 200 OK
INFO:     172.30.2.2:55738 - "GET /health HTTP/1.1" 200 OK
INFO:     172.30.2.2:35532 - "GET /health HTTP/1.1" 200 OK
INFO:     172.30.2.2:48642 - "GET /health HTTP/1.1" 200 OK
2025-07-23 07:14:17.161 | INFO     | app.main:root:76 - ğŸŒ Root endpoint accessed - serving index.html directly
INFO:     192.168.0.0:36304 - "GET / HTTP/1.1" 200 OK
INFO:     192.168.0.0:3779 - "GET /static/app.js HTTP/1.1" 200 OK
INFO:     192.168.0.0:51286 - "GET /favicon.ico HTTP/1.1" 404 Not Found
INFO:     172.30.2.2:50082 - "GET /health HTTP/1.1" 200 OK
2025-07-23 07:14:31.630 | INFO     | app.main:scan:117 - Starting new scan for target: %s
2025-07-23 07:14:33.537 | INFO     | app.aggressive_scanner.browser_scanner:aggressive_run:113 - Navigating to https://pixabay.com/ for initial analysis.
INFO:     172.30.2.2:47250 - "GET /health HTTP/1.1" 200 OK
2025-07-23 07:14:35.831 | INFO     | app.aggressive_scanner.browser_scanner:aggressive_run:122 - Performing static analysis on https://pixabay.com/
INFO:     172.30.2.2:40086 - "GET /health HTTP/1.1" 200 OK
2025-07-23 07:14:45.663 | INFO     | app.aggressive_scanner.browser_scanner:aggressive_run:134 - Starting dynamic form injection for https://pixabay.com/
2025-07-23 07:14:46.071 | INFO     | app.aggressive_scanner.browser_scanner:aggressive_run:140 - Testing input field: search
INFO:     172.30.2.2:46908 - "GET /health HTTP/1.1" 200 OK
INFO:     172.30.2.2:46678 - "GET /health HTTP/1.1" 200 OK
INFO:     172.30.2.2:37874 - "GET /health HTTP/1.1" 200 OK
2025-07-23 07:15:15.664 | ERROR    | app.aggressive_scanner.browser_scanner:aggressive_run:193 - An unexpected error occurred during the browser scan for https://pixabay.com/: 'signature'
Traceback (most recent call last):

  File "/install/bin/uvicorn", line 8, in <module>
    sys.exit(main())
    â”‚   â”‚    â”” <Command main>
    â”‚   â”” <built-in function exit>
    â”” <module 'sys' (built-in)>
  File "/install/lib/python3.11/site-packages/click/core.py", line 1442, in __call__
    return self.main(*args, **kwargs)
           â”‚    â”‚     â”‚       â”” {}
           â”‚    â”‚     â”” ()
           â”‚    â”” <function Command.main at 0x7240ccec9da0>
           â”” <Command main>
  File "/install/lib/python3.11/site-packages/click/core.py", line 1363, in main
    rv = self.invoke(ctx)
         â”‚    â”‚      â”” <click.core.Context object at 0x7240cd990050>
         â”‚    â”” <function Command.invoke at 0x7240cceca520>
         â”” <Command main>
  File "/install/lib/python3.11/site-packages/click/core.py", line 1226, in invoke
    return ctx.invoke(self.callback, **ctx.params)
           â”‚   â”‚      â”‚    â”‚           â”‚   â”” {'host': '0.0.0.0', 'port': 5051, 'app': 'app.main:app', 'uds': None, 'fd': None, 'reload': False, 'reload_dirs': (), 'reload...
           â”‚   â”‚      â”‚    â”‚           â”” <click.core.Context object at 0x7240cd990050>
           â”‚   â”‚      â”‚    â”” <function main at 0x7240cce0f7e0>
           â”‚   â”‚      â”” <Command main>
           â”‚   â”” <function Context.invoke at 0x7240ccecade0>
           â”” <click.core.Context object at 0x7240cd990050>
  File "/install/lib/python3.11/site-packages/click/core.py", line 794, in invoke
    return callback(*args, **kwargs)
           â”‚         â”‚       â”” {'host': '0.0.0.0', 'port': 5051, 'app': 'app.main:app', 'uds': None, 'fd': None, 'reload': False, 'reload_dirs': (), 'reload...
           â”‚         â”” ()
           â”” <function main at 0x7240cce0f7e0>
  File "/install/lib/python3.11/site-packages/uvicorn/main.py", line 418, in main
    run(
    â”” <function run at 0x7240ccd860c0>
  File "/install/lib/python3.11/site-packages/uvicorn/main.py", line 587, in run
    server.run()
    â”‚      â”” <function Server.run at 0x7240ccd58900>
    â”” <uvicorn.server.Server object at 0x7240ccee8d90>
  File "/install/lib/python3.11/site-packages/uvicorn/server.py", line 62, in run
    return asyncio.run(self.serve(sockets=sockets))
           â”‚       â”‚   â”‚    â”‚             â”” None
           â”‚       â”‚   â”‚    â”” <function Server.serve at 0x7240ccd589a0>
           â”‚       â”‚   â”” <uvicorn.server.Server object at 0x7240ccee8d90>
           â”‚       â”” <function run at 0x7240cd818040>
           â”” <module 'asyncio' from '/usr/local/lib/python3.11/asyncio/__init__.py'>
  File "/usr/local/lib/python3.11/asyncio/runners.py", line 190, in run
    return runner.run(main)
           â”‚      â”‚   â”” <coroutine object Server.serve at 0x7240ccdc2ac0>
           â”‚      â”” <function Runner.run at 0x7240cd043ec0>
           â”” <asyncio.runners.Runner object at 0x7240cce1b490>
  File "/usr/local/lib/python3.11/asyncio/runners.py", line 118, in run
    return self._loop.run_until_complete(task)
           â”‚    â”‚     â”‚                  â”” <Task pending name='Task-1' coro=<Server.serve() running at /install/lib/python3.11/site-packages/uvicorn/server.py:82> wait_...
           â”‚    â”‚     â”” <function BaseEventLoop.run_until_complete at 0x7240cd041b20>
           â”‚    â”” <_UnixSelectorEventLoop running=True closed=False debug=False>
           â”” <asyncio.runners.Runner object at 0x7240cce1b490>
  File "/usr/local/lib/python3.11/asyncio/base_events.py", line 641, in run_until_complete
    self.run_forever()
    â”‚    â”” <function BaseEventLoop.run_forever at 0x7240cd041a80>
    â”” <_UnixSelectorEventLoop running=True closed=False debug=False>
  File "/usr/local/lib/python3.11/asyncio/base_events.py", line 608, in run_forever
    self._run_once()
    â”‚    â”” <function BaseEventLoop._run_once at 0x7240cd043880>
    â”” <_UnixSelectorEventLoop running=True closed=False debug=False>
  File "/usr/local/lib/python3.11/asyncio/base_events.py", line 1936, in _run_once
    handle._run()
    â”‚      â”” <function Handle._run at 0x7240cd795b20>
    â”” <Handle Task.task_wakeup(<Future finished result=None>)>
  File "/usr/local/lib/python3.11/asyncio/events.py", line 84, in _run
    self._context.run(self._callback, *self._args)
    â”‚    â”‚            â”‚    â”‚           â”‚    â”” <member '_args' of 'Handle' objects>
    â”‚    â”‚            â”‚    â”‚           â”” <Handle Task.task_wakeup(<Future finished result=None>)>
    â”‚    â”‚            â”‚    â”” <member '_callback' of 'Handle' objects>
    â”‚    â”‚            â”” <Handle Task.task_wakeup(<Future finished result=None>)>
    â”‚    â”” <member '_context' of 'Handle' objects>
    â”” <Handle Task.task_wakeup(<Future finished result=None>)>
  File "/install/lib/python3.11/site-packages/uvicorn/protocols/http/h11_impl.py", line 404, in run_asgi
    result = await app(  # type: ignore[func-returns-value]
                   â”” <uvicorn.middleware.proxy_headers.ProxyHeadersMiddleware object at 0x7240cce19390>
  File "/install/lib/python3.11/site-packages/uvicorn/middleware/proxy_headers.py", line 84, in __call__
    return await self.app(scope, receive, send)
                 â”‚    â”‚   â”‚      â”‚        â”” <bound method RequestResponseCycle.send of <uvicorn.protocols.http.h11_impl.RequestResponseCycle object at 0x7240ca997510>>
                 â”‚    â”‚   â”‚      â”” <bound method RequestResponseCycle.receive of <uvicorn.protocols.http.h11_impl.RequestResponseCycle object at 0x7240ca997510>>
                 â”‚    â”‚   â”” {'type': 'http', 'asgi': {'version': '3.0', 'spec_version': '2.3'}, 'http_version': '1.1', 'server': ('192.168.1.4', 5051), '...
                 â”‚    â”” <fastapi.applications.FastAPI object at 0x7240ca8d5790>
                 â”” <uvicorn.middleware.proxy_headers.ProxyHeadersMiddleware object at 0x7240cce19390>
  File "/install/lib/python3.11/site-packages/fastapi/applications.py", line 1054, in __call__
    await super().__call__(scope, receive, send)
                           â”‚      â”‚        â”” <bound method RequestResponseCycle.send of <uvicorn.protocols.http.h11_impl.RequestResponseCycle object at 0x7240ca997510>>
                           â”‚      â”” <bound method RequestResponseCycle.receive of <uvicorn.protocols.http.h11_impl.RequestResponseCycle object at 0x7240ca997510>>
                           â”” {'type': 'http', 'asgi': {'version': '3.0', 'spec_version': '2.3'}, 'http_version': '1.1', 'server': ('192.168.1.4', 5051), '...
  File "/install/lib/python3.11/site-packages/starlette/applications.py", line 123, in __call__
    await self.middleware_stack(scope, receive, send)
          â”‚    â”‚                â”‚      â”‚        â”” <bound method RequestResponseCycle.send of <uvicorn.protocols.http.h11_impl.RequestResponseCycle object at 0x7240ca997510>>
          â”‚    â”‚                â”‚      â”” <bound method RequestResponseCycle.receive of <uvicorn.protocols.http.h11_impl.RequestResponseCycle object at 0x7240ca997510>>
          â”‚    â”‚                â”” {'type': 'http', 'asgi': {'version': '3.0', 'spec_version': '2.3'}, 'http_version': '1.1', 'server': ('192.168.1.4', 5051), '...
          â”‚    â”” <starlette.middleware.errors.ServerErrorMiddleware object at 0x7240ca8d5f10>
          â”” <fastapi.applications.FastAPI object at 0x7240ca8d5790>
  File "/install/lib/python3.11/site-packages/starlette/middleware/errors.py", line 164, in __call__
    await self.app(scope, receive, _send)
          â”‚    â”‚   â”‚      â”‚        â”” <function ServerErrorMiddleware.__call__.<locals>._send at 0x7240ca8f59e0>
          â”‚    â”‚   â”‚      â”” <bound method RequestResponseCycle.receive of <uvicorn.protocols.http.h11_impl.RequestResponseCycle object at 0x7240ca997510>>
          â”‚    â”‚   â”” {'type': 'http', 'asgi': {'version': '3.0', 'spec_version': '2.3'}, 'http_version': '1.1', 'server': ('192.168.1.4', 5051), '...
          â”‚    â”” <starlette.middleware.cors.CORSMiddleware object at 0x7240ca8e6ed0>
          â”” <starlette.middleware.errors.ServerErrorMiddleware object at 0x7240ca8d5f10>
  File "/install/lib/python3.11/site-packages/starlette/middleware/cors.py", line 91, in __call__
    await self.simple_response(scope, receive, send, request_headers=headers)
          â”‚    â”‚               â”‚      â”‚        â”‚                     â”” Headers({'host': 'e7fdc105a825-10-244-5-19-32238.papa.r.killercoda.com', 'x-forwarded-host': 'e7fdc105a825-10-244-5-19-32238....
          â”‚    â”‚               â”‚      â”‚        â”” <function ServerErrorMiddleware.__call__.<locals>._send at 0x7240ca8f59e0>
          â”‚    â”‚               â”‚      â”” <bound method RequestResponseCycle.receive of <uvicorn.protocols.http.h11_impl.RequestResponseCycle object at 0x7240ca997510>>
          â”‚    â”‚               â”” {'type': 'http', 'asgi': {'version': '3.0', 'spec_version': '2.3'}, 'http_version': '1.1', 'server': ('192.168.1.4', 5051), '...
          â”‚    â”” <function CORSMiddleware.simple_response at 0x7240cbcfc040>
          â”” <starlette.middleware.cors.CORSMiddleware object at 0x7240ca8e6ed0>
  File "/install/lib/python3.11/site-packages/starlette/middleware/cors.py", line 146, in simple_response
    await self.app(scope, receive, send)
          â”‚    â”‚   â”‚      â”‚        â”” functools.partial(<bound method CORSMiddleware.send of <starlette.middleware.cors.CORSMiddleware object at 0x7240ca8e6ed0>>, ...
          â”‚    â”‚   â”‚      â”” <bound method RequestResponseCycle.receive of <uvicorn.protocols.http.h11_impl.RequestResponseCycle object at 0x7240ca997510>>
          â”‚    â”‚   â”” {'type': 'http', 'asgi': {'version': '3.0', 'spec_version': '2.3'}, 'http_version': '1.1', 'server': ('192.168.1.4', 5051), '...
          â”‚    â”” <starlette.middleware.exceptions.ExceptionMiddleware object at 0x7240ca8e70d0>
          â”” <starlette.middleware.cors.CORSMiddleware object at 0x7240ca8e6ed0>
  File "/install/lib/python3.11/site-packages/starlette/middleware/exceptions.py", line 62, in __call__
    await wrap_app_handling_exceptions(self.app, conn)(scope, receive, send)
          â”‚                            â”‚    â”‚    â”‚     â”‚      â”‚        â”” functools.partial(<bound method CORSMiddleware.send of <starlette.middleware.cors.CORSMiddleware object at 0x7240ca8e6ed0>>, ...
          â”‚                            â”‚    â”‚    â”‚     â”‚      â”” <bound method RequestResponseCycle.receive of <uvicorn.protocols.http.h11_impl.RequestResponseCycle object at 0x7240ca997510>>
          â”‚                            â”‚    â”‚    â”‚     â”” {'type': 'http', 'asgi': {'version': '3.0', 'spec_version': '2.3'}, 'http_version': '1.1', 'server': ('192.168.1.4', 5051), '...
          â”‚                            â”‚    â”‚    â”” <starlette.requests.Request object at 0x7240ca9963d0>
          â”‚                            â”‚    â”” <fastapi.routing.APIRouter object at 0x7240ca8e75d0>
          â”‚                            â”” <starlette.middleware.exceptions.ExceptionMiddleware object at 0x7240ca8e70d0>
          â”” <function wrap_app_handling_exceptions at 0x7240cbe23420>
  File "/install/lib/python3.11/site-packages/starlette/_exception_handler.py", line 53, in wrapped_app
    await app(scope, receive, sender)
          â”‚   â”‚      â”‚        â”” <function wrap_app_handling_exceptions.<locals>.wrapped_app.<locals>.sender at 0x7240ca8f5bc0>
          â”‚   â”‚      â”” <bound method RequestResponseCycle.receive of <uvicorn.protocols.http.h11_impl.RequestResponseCycle object at 0x7240ca997510>>
          â”‚   â”” {'type': 'http', 'asgi': {'version': '3.0', 'spec_version': '2.3'}, 'http_version': '1.1', 'server': ('192.168.1.4', 5051), '...
          â”” <fastapi.routing.APIRouter object at 0x7240ca8e75d0>
  File "/install/lib/python3.11/site-packages/starlette/routing.py", line 762, in __call__
    await self.middleware_stack(scope, receive, send)
          â”‚    â”‚                â”‚      â”‚        â”” <function wrap_app_handling_exceptions.<locals>.wrapped_app.<locals>.sender at 0x7240ca8f5bc0>
          â”‚    â”‚                â”‚      â”” <bound method RequestResponseCycle.receive of <uvicorn.protocols.http.h11_impl.RequestResponseCycle object at 0x7240ca997510>>
          â”‚    â”‚                â”” {'type': 'http', 'asgi': {'version': '3.0', 'spec_version': '2.3'}, 'http_version': '1.1', 'server': ('192.168.1.4', 5051), '...
          â”‚    â”” <bound method Router.app of <fastapi.routing.APIRouter object at 0x7240ca8e75d0>>
          â”” <fastapi.routing.APIRouter object at 0x7240ca8e75d0>
  File "/install/lib/python3.11/site-packages/starlette/routing.py", line 782, in app
    await route.handle(scope, receive, send)
          â”‚     â”‚      â”‚      â”‚        â”” <function wrap_app_handling_exceptions.<locals>.wrapped_app.<locals>.sender at 0x7240ca8f5bc0>
          â”‚     â”‚      â”‚      â”” <bound method RequestResponseCycle.receive of <uvicorn.protocols.http.h11_impl.RequestResponseCycle object at 0x7240ca997510>>
          â”‚     â”‚      â”” {'type': 'http', 'asgi': {'version': '3.0', 'spec_version': '2.3'}, 'http_version': '1.1', 'server': ('192.168.1.4', 5051), '...
          â”‚     â”” <function Route.handle at 0x7240cbea0b80>
          â”” APIRoute(path='/scan', name='scan', methods=['POST'])
  File "/install/lib/python3.11/site-packages/starlette/routing.py", line 297, in handle
    await self.app(scope, receive, send)
          â”‚    â”‚   â”‚      â”‚        â”” <function wrap_app_handling_exceptions.<locals>.wrapped_app.<locals>.sender at 0x7240ca8f5bc0>
          â”‚    â”‚   â”‚      â”” <bound method RequestResponseCycle.receive of <uvicorn.protocols.http.h11_impl.RequestResponseCycle object at 0x7240ca997510>>
          â”‚    â”‚   â”” {'type': 'http', 'asgi': {'version': '3.0', 'spec_version': '2.3'}, 'http_version': '1.1', 'server': ('192.168.1.4', 5051), '...
          â”‚    â”” <function request_response.<locals>.app at 0x7240ca8f6200>
          â”” APIRoute(path='/scan', name='scan', methods=['POST'])
  File "/install/lib/python3.11/site-packages/starlette/routing.py", line 77, in app
    await wrap_app_handling_exceptions(app, request)(scope, receive, send)
          â”‚                            â”‚    â”‚        â”‚      â”‚        â”” <function wrap_app_handling_exceptions.<locals>.wrapped_app.<locals>.sender at 0x7240ca8f5bc0>
          â”‚                            â”‚    â”‚        â”‚      â”” <bound method RequestResponseCycle.receive of <uvicorn.protocols.http.h11_impl.RequestResponseCycle object at 0x7240ca997510>>
          â”‚                            â”‚    â”‚        â”” {'type': 'http', 'asgi': {'version': '3.0', 'spec_version': '2.3'}, 'http_version': '1.1', 'server': ('192.168.1.4', 5051), '...
          â”‚                            â”‚    â”” <starlette.requests.Request object at 0x7240ca996ad0>
          â”‚                            â”” <function request_response.<locals>.app.<locals>.app at 0x7240ca8f5f80>
          â”” <function wrap_app_handling_exceptions at 0x7240cbe23420>
  File "/install/lib/python3.11/site-packages/starlette/_exception_handler.py", line 53, in wrapped_app
    await app(scope, receive, sender)
          â”‚   â”‚      â”‚        â”” <function wrap_app_handling_exceptions.<locals>.wrapped_app.<locals>.sender at 0x7240ca97a520>
          â”‚   â”‚      â”” <bound method RequestResponseCycle.receive of <uvicorn.protocols.http.h11_impl.RequestResponseCycle object at 0x7240ca997510>>
          â”‚   â”” {'type': 'http', 'asgi': {'version': '3.0', 'spec_version': '2.3'}, 'http_version': '1.1', 'server': ('192.168.1.4', 5051), '...
          â”” <function request_response.<locals>.app.<locals>.app at 0x7240ca8f5f80>
  File "/install/lib/python3.11/site-packages/starlette/routing.py", line 72, in app
    response = await func(request)
                     â”‚    â”” <starlette.requests.Request object at 0x7240ca996ad0>
                     â”” <function get_request_handler.<locals>.app at 0x7240ca8f60c0>
  File "/install/lib/python3.11/site-packages/fastapi/routing.py", line 294, in app
    raw_response = await run_endpoint_function(
                         â”” <function run_endpoint_function at 0x7240cbe23240>
  File "/install/lib/python3.11/site-packages/fastapi/routing.py", line 191, in run_endpoint_function
    return await dependant.call(**values)
                 â”‚         â”‚      â”” {'db': <sqlalchemy.orm.session.Session object at 0x7240ca92fe10>, 'request': ScanRequest(url='https://pixabay.com/')}
                 â”‚         â”” <function scan at 0x7240ca8f5a80>
                 â”” <fastapi.dependencies.models.Dependant object at 0x7240ca92cb50>

  File "/app/app/main.py", line 118, in scan
    findings: ScanResult = await perform_scan(url)
                                 â”‚            â”” 'https://pixabay.com/'
                                 â”” <function perform_scan at 0x7240cbc051c0>

  File "/app/app/aggressive_scanner/scanner.py", line 58, in perform_scan
    await aggressive_run(url, scan_result)
          â”‚              â”‚    â”” <app.aggressive_scanner.scanner.ScanResult object at 0x7240ca996390>
          â”‚              â”” 'https://pixabay.com/'
          â”” <function aggressive_run at 0x7240ca6d27a0>

> File "/app/app/aggressive_scanner/browser_scanner.py", line 160, in aggressive_run
    scan_result.add_vulnerability(url, vuln_type, f"{name} (pre-submit)", payload)
    â”‚           â”‚                 â”‚    â”‚                                  â”” '%u0022%u003e%u003c%u0073%u0063%u0072%u0069%u0070%u0074%u003e%u0061%u006c%u0065%u0072%u0074%u0028%u0077%u0069%u006e%u0064%u00...
    â”‚           â”‚                 â”‚    â”” 'XSS'
    â”‚           â”‚                 â”” 'https://pixabay.com/'
    â”‚           â”” <function ScanResult.add_vulnerability at 0x7240cb6c8720>
    â”” <app.aggressive_scanner.scanner.ScanResult object at 0x7240ca996390>

  File "/app/app/aggressive_scanner/scanner.py", line 15, in add_vulnerability
    if not any(v['signature'] == vuln_signature for v in self.vulnerabilities):
                                 â”‚                       â”‚    â”” [{'url': 'https://pixabay.com/', 'type': 'Missing Security Headers', 'severity': 'Medium', 'description': 'The following secu...
                                 â”‚                       â”” <app.aggressive_scanner.scanner.ScanResult object at 0x7240ca996390>
                                 â”” ('https://pixabay.com/', 'XSS', 'search (pre-submit)')

  File "/app/app/aggressive_scanner/scanner.py", line 15, in <genexpr>
    if not any(v['signature'] == vuln_signature for v in self.vulnerabilities):
               â”‚                 â”‚                  â”” {'url': 'https://pixabay.com/', 'type': 'Missing Security Headers', 'severity': 'Medium', 'description': 'The following secur...
               â”‚                 â”” ('https://pixabay.com/', 'XSS', 'search (pre-submit)')
               â”” {'url': 'https://pixabay.com/', 'type': 'Missing Security Headers', 'severity': 'Medium', 'description': 'The following secur...

KeyError: 'signature'
2025-07-23 07:15:15.851 | ERROR    | app.main:scan:151 - Scan failed for target %s: %s
INFO:     192.168.0.0:42475 - "POST /scan HTTP/1.1" 500 Internal Server Error
INFO:     172.30.2.2:39394 - "GET /health HTTP/1.1" 200 OK
----------------------------------------------------------------------------------------------
sast: controlplane:~/Vuln_Prism/kubernetes_deps$ k -n mustang logs sast-dep-6c6c857c7b-2skch -f 
2025-07-23 07:12:15,807 [INFO] database: Successfully connected to the database.
2025-07-23 07:12:15,819 [ERROR] database: Could not initialize database tables: (pymysql.err.OperationalError) (2003, "Can't connect to MySQL server on 'database-1.c0pogq0w8mxc.us-east-1.rds.amazonaws.com' ([Errno -2] Name or service not known)")
(Background on this error at: https://sqlalche.me/e/20/e3q8)
2025-07-23 07:12:15,820 [ERROR] app.main: Failed to connect to Redis: Error 111 connecting to localhost:6379. Connection refused.. Caching will be disabled.
INFO:     Started server process [7]
INFO:     Waiting for application startup.
INFO:     Application startup complete.
INFO:     Uvicorn running on http://0.0.0.0:5050 (Press CTRL+C to quit)
INFO:     172.30.2.2:37406 - "GET /health HTTP/1.1" 200 OK
INFO:     172.30.2.2:40604 - "GET /health HTTP/1.1" 200 OK
INFO:     172.30.2.2:52910 - "GET /health HTTP/1.1" 200 OK
INFO:     172.30.2.2:34306 - "GET /health HTTP/1.1" 200 OK
INFO:     172.30.2.2:43188 - "GET /health HTTP/1.1" 200 OK
INFO:     172.30.2.2:39404 - "GET /health HTTP/1.1" 200 OK
INFO:     172.30.2.2:36104 - "GET /health HTTP/1.1" 200 OK
INFO:     172.30.2.2:50532 - "GET /health HTTP/1.1" 200 OK
INFO:     172.30.2.2:56738 - "GET /health HTTP/1.1" 200 OK
INFO:     172.30.2.2:33354 - "GET /health HTTP/1.1" 200 OK
INFO:     172.30.2.2:44433 - "GET / HTTP/1.1" 200 OK
INFO:     172.30.2.2:11542 - "GET /favicon.ico HTTP/1.1" 404 Not Found
INFO:     172.30.2.2:57594 - "GET /health HTTP/1.1" 200 OK
2025-07-23 07:18:42,095 [INFO] app.main: Cloning repo: https://github.com/furkhan-2000/Hospital-Proj.git
2025-07-23 07:18:45,109 [INFO] app.main: Starting new scan for target: https://github.com/furkhan-2000/Hospital-Proj.git
2025-07-23 07:18:45,111 [INFO] app.scan_engine: Source analysis: {'file_count': 47, 'total_size': 117066, 'extensions': {'.sample', '.idx', '.txt', '.md', '.py', '.yaml', '.html', '.pack'}, 'has_code': True}
2025-07-23 07:18:45,112 [INFO] app.scan_engine: No valid requirements.txt; skipping pip-audit.
2025-07-23 07:18:45,114 [INFO] app.scan_engine: Running semgrep (attempt 1/6): semgrep --json --metrics=off --timeout 600 --output /home/jenkins/scan_results_c4e71ac2-3dbb-49ee-b835-c7ce9570e5d4/semgrep.json /home/jenkins/c4e71ac2-3dbb-49ee-b835-c7ce9570e5d4/source --config p/all --config p/security-audit --config p/owasp-top-10 --config p/python-security
2025-07-23 07:18:45,115 [INFO] app.scan_engine: Running bandit (attempt 1/6): bandit -r /home/jenkins/c4e71ac2-3dbb-49ee-b835-c7ce9570e5d4/source -f json -o /home/jenkins/scan_results_c4e71ac2-3dbb-49ee-b835-c7ce9570e5d4/bandit.json
2025-07-23 07:18:45,117 [INFO] app.scan_engine: Running trivy (attempt 1/6): trivy fs --format json --output /home/jenkins/scan_results_c4e71ac2-3dbb-49ee-b835-c7ce9570e5d4/trivy.json /home/jenkins/c4e71ac2-3dbb-49ee-b835-c7ce9570e5d4/source
2025-07-23 07:18:48,447 [INFO] app.scan_engine: trivy exit code 1
2025-07-23 07:18:48,451 [INFO] app.scan_engine: Running gitleaks (attempt 1/6): gitleaks detect --source /home/jenkins/c4e71ac2-3dbb-49ee-b835-c7ce9570e5d4/source --report-path /home/jenkins/scan_results_c4e71ac2-3dbb-49ee-b835-c7ce9570e5d4/gitleaks.json --report-format json
2025-07-23 07:18:48,452 [ERROR] app.scan_engine: Error parsing Trivy output: [Errno 2] No such file or directory: '/home/jenkins/scan_results_c4e71ac2-3dbb-49ee-b835-c7ce9570e5d4/trivy.json'
Traceback (most recent call last):
  File "/sast/scan_engine.py", line 247, in parse_trivy
    data = json.load(open(path, encoding="utf-8"))
                     ^^^^^^^^^^^^^^^^^^^^^^^^^^^^
FileNotFoundError: [Errno 2] No such file or directory: '/home/jenkins/scan_results_c4e71ac2-3dbb-49ee-b835-c7ce9570e5d4/trivy.json'
2025-07-23 07:18:48,847 [INFO] app.scan_engine: gitleaks exit code 0
2025-07-23 07:18:48,848 [INFO] app.scan_engine: Running dependency-check (attempt 1/6): /usr/local/bin/dependency-check.sh -s /home/jenkins/c4e71ac2-3dbb-49ee-b835-c7ce9570e5d4/source -f XML -o /home/jenkins/scan_results_c4e71ac2-3dbb-49ee-b835-c7ce9570e5d4/depcheck --prettyPrint
2025-07-23 07:18:48,938 [INFO] app.scan_engine: bandit exit code 1
2025-07-23 07:18:53,588 [INFO] app.scan_engine: dependency-check exit code 13
2025-07-23 07:18:53,588 [WARNING] app.scan_engine: dependency-check produced no valid output on attempt 1
2025-07-23 07:18:53,606 [INFO] app.scan_engine: semgrep exit code 2
2025-07-23 07:18:53,606 [WARNING] app.scan_engine: semgrep produced no valid output on attempt 1
2025-07-23 07:18:54,753 [INFO] app.scan_engine: Running semgrep (attempt 2/6): semgrep --json --metrics=off --timeout 600 --output /home/jenkins/scan_results_c4e71ac2-3dbb-49ee-b835-c7ce9570e5d4/semgrep.json /home/jenkins/c4e71ac2-3dbb-49ee-b835-c7ce9570e5d4/source --config p/all --config p/security-audit --config p/owasp-top-10 --config p/python-security
2025-07-23 07:18:55,136 [INFO] app.scan_engine: Running dependency-check (attempt 2/6): /usr/local/bin/dependency-check.sh -s /home/jenkins/c4e71ac2-3dbb-49ee-b835-c7ce9570e5d4/source -f XML -o /home/jenkins/scan_results_c4e71ac2-3dbb-49ee-b835-c7ce9570e5d4/depcheck --prettyPrint
2025-07-23 07:18:59,747 [INFO] app.scan_engine: dependency-check exit code 13
2025-07-23 07:18:59,747 [WARNING] app.scan_engine: dependency-check produced no valid output on attempt 2
2025-07-23 07:19:00,848 [INFO] app.scan_engine: semgrep exit code 2
2025-07-23 07:19:00,849 [WARNING] app.scan_engine: semgrep produced no valid output on attempt 2
2025-07-23 07:19:01,844 [INFO] app.scan_engine: Running dependency-check (attempt 3/6): /usr/local/bin/dependency-check.sh -s /home/jenkins/c4e71ac2-3dbb-49ee-b835-c7ce9570e5d4/source -f XML -o /home/jenkins/scan_results_c4e71ac2-3dbb-49ee-b835-c7ce9570e5d4/depcheck --prettyPrint
2025-07-23 07:19:03,036 [INFO] app.scan_engine: Running semgrep (attempt 3/6): semgrep --json --metrics=off --timeout 600 --output /home/jenkins/scan_results_c4e71ac2-3dbb-49ee-b835-c7ce9570e5d4/semgrep.json /home/jenkins/c4e71ac2-3dbb-49ee-b835-c7ce9570e5d4/source --config p/all --config p/security-audit --config p/owasp-top-10 --config p/python-security
2025-07-23 07:19:06,251 [INFO] app.scan_engine: dependency-check exit code 13
2025-07-23 07:19:06,252 [WARNING] app.scan_engine: dependency-check produced no valid output on attempt 3
2025-07-23 07:19:08,690 [INFO] app.scan_engine: semgrep exit code 2
2025-07-23 07:19:08,690 [WARNING] app.scan_engine: semgrep produced no valid output on attempt 3
2025-07-23 07:19:11,219 [INFO] app.scan_engine: Running dependency-check (attempt 4/6): /usr/local/bin/dependency-check.sh -s /home/jenkins/c4e71ac2-3dbb-49ee-b835-c7ce9570e5d4/source -f XML -o /home/jenkins/scan_results_c4e71ac2-3dbb-49ee-b835-c7ce9570e5d4/depcheck --prettyPrint
2025-07-23 07:19:12,961 [INFO] app.scan_engine: Running semgrep (attempt 4/6): semgrep --json --metrics=off --timeout 600 --output /home/jenkins/scan_results_c4e71ac2-3dbb-49ee-b835-c7ce9570e5d4/semgrep.json /home/jenkins/c4e71ac2-3dbb-49ee-b835-c7ce9570e5d4/source --config p/all --config p/security-audit --config p/owasp-top-10 --config p/python-security
2025-07-23 07:19:15,347 [INFO] app.scan_engine: dependency-check exit code 13
2025-07-23 07:19:15,349 [WARNING] app.scan_engine: dependency-check produced no valid output on attempt 4
2025-07-23 07:19:17,290 [INFO] app.scan_engine: semgrep exit code 2
2025-07-23 07:19:17,291 [WARNING] app.scan_engine: semgrep produced no valid output on attempt 4
2025-07-23 07:19:24,109 [INFO] app.scan_engine: Running dependency-check (attempt 5/6): /usr/local/bin/dependency-check.sh -s /home/jenkins/c4e71ac2-3dbb-49ee-b835-c7ce9570e5d4/source -f XML -o /home/jenkins/scan_results_c4e71ac2-3dbb-49ee-b835-c7ce9570e5d4/depcheck --prettyPrint
2025-07-23 07:19:25,688 [INFO] app.scan_engine: Running semgrep (attempt 5/6): semgrep --json --metrics=off --timeout 600 --output /home/jenkins/scan_results_c4e71ac2-3dbb-49ee-b835-c7ce9570e5d4/semgrep.json /home/jenkins/c4e71ac2-3dbb-49ee-b835-c7ce9570e5d4/source --config p/all --config p/security-audit --config p/owasp-top-10 --config p/python-security
2025-07-23 07:19:27,286 [INFO] app.scan_engine: dependency-check exit code 13
2025-07-23 07:19:27,287 [WARNING] app.scan_engine: dependency-check produced no valid output on attempt 5
2025-07-23 07:19:29,354 [INFO] app.scan_engine: semgrep exit code 2
2025-07-23 07:19:29,355 [WARNING] app.scan_engine: semgrep produced no valid output on attempt 5
2025-07-23 07:19:43,530 [INFO] app.scan_engine: Running dependency-check (attempt 6/6): /usr/local/bin/dependency-check.sh -s /home/jenkins/c4e71ac2-3dbb-49ee-b835-c7ce9570e5d4/source -f XML -o /home/jenkins/scan_results_c4e71ac2-3dbb-49ee-b835-c7ce9570e5d4/depcheck --prettyPrint
2025-07-23 07:19:45,372 [INFO] app.scan_engine: Running semgrep (attempt 6/6): semgrep --json --metrics=off --timeout 600 --output /home/jenkins/scan_results_c4e71ac2-3dbb-49ee-b835-c7ce9570e5d4/semgrep.json /home/jenkins/c4e71ac2-3dbb-49ee-b835-c7ce9570e5d4/source --config p/all --config p/security-audit --config p/owasp-top-10 --config p/python-security
2025-07-23 07:19:45,840 [INFO] app.scan_engine: dependency-check exit code 13
2025-07-23 07:19:45,842 [WARNING] app.scan_engine: dependency-check produced no valid output on attempt 6
2025-07-23 07:19:48,157 [INFO] app.scan_engine: semgrep exit code 2
2025-07-23 07:19:48,158 [WARNING] app.scan_engine: semgrep produced no valid output on attempt 6
2025-07-23 07:20:18,114 [ERROR] app.scan_engine: dependency-check failed after 6 attempts
2025-07-23 07:20:18,115 [WARNING] app.scan_engine: dependency-check: skipped (no output or error)
2025-07-23 07:20:20,414 [ERROR] app.scan_engine: semgrep failed after 6 attempts
2025-07-23 07:20:20,414 [WARNING] app.scan_engine: semgrep: skipped (no output or error)
2025-07-23 07:20:20,605 [WARNING] app.main: Failed to store results in database: (pymysql.err.OperationalError) (2003, "Can't connect to MySQL server on 'database-1.c0pogq0w8mxc.us-east-1.rds.amazonaws.com' ([Errno -2] Name or service not known)")
(Background on this error at: https://sqlalche.me/e/20/e3q8)
INFO:     172.30.2.2:12676 - "POST /scan HTTP/1.1" 200 OK
INFO:     172.30.2.2:45492 - "GET /health HTTP/1.1" 200 OK
INFO:     172.30.2.2:41808 - "GET /health HTTP/1.1" 200 OK
